[GIN-debug] [WARNING] Running in "debug" mode. Switch to "release" mode in production.
 - using env:	export GIN_MODE=release
 - using code:	gin.SetMode(gin.ReleaseMode)

[GIN-debug] GET    /css/*filepath            --> github.com/gin-gonic/gin.(*RouterGroup).createStaticHandler.func1 (1 handlers)
[GIN-debug] HEAD   /css/*filepath            --> github.com/gin-gonic/gin.(*RouterGroup).createStaticHandler.func1 (1 handlers)
[GIN-debug] Loaded HTML Templates (4): 
	- 
	- footer.html
	- header.html
	- index.html

[GIN-debug] GET    /api/employe              --> main.main.func1 (4 handlers)
[GIN-debug] POST   /api/employe              --> main.main.func2 (4 handlers)
[GIN-debug] GET    /view/employe             --> github.com/neurocome/rest/controller.EmployeController.ShowAll-fm (4 handlers)
[GIN-debug] Listening and serving HTTP on :8000
::1 - [06 Mar 21 23:56 WIB] POST /employe 404 6.143µs 
::1 - [06 Mar 21 23:56 WIB] POST /api/employe 200 197.216µs 
::1 - [06 Mar 21 23:56 WIB] GET /api/employe 200 40.111µs 
::1 - [06 Mar 21 23:56 WIB] GET /view/employe 401 53.22µs 
::1 - [06 Mar 21 23:57 WIB] GET /view/employe 401 12.64µs 
::1 - [06 Mar 21 23:57 WIB] GET /view/employe 401 8.532µs 
::1 - [06 Mar 21 23:57 WIB] GET /view/employe 401 9.349µs 
::1 - [06 Mar 21 23:57 WIB] GET /view/employe 200 575.734µs 
::1 - [06 Mar 21 23:57 WIB] GET /favicon.ico 401 4.305µs 
::1 - [06 Mar 21 23:57 WIB] GET /favicon.ico 404 2.257µs 
